<?xml version="1.0" encoding="UTF-8"?>
<testsuite xmlns:xsi="http://www.w3.org/2001/XMLSchema-instance" xsi:noNamespaceSchemaLocation="https://maven.apache.org/surefire/maven-surefire-plugin/xsd/surefire-test-report.xsd" name="com.mjh.xmlscraper.TestXMLScraper" time="0.45" tests="3" errors="0" skipped="0" failures="0">
  <properties>
[...]
</properties>
  <testcase name="testParseXMLWithIncorrectURL" classname="com.mjh.xmlscraper.TestXMLScraper" time="0.01"/>
  <testcase name="testParseXMLWithCorrectURL" classname="com.mjh.xmlscraper.TestXMLScraper" time="0.439"/>
  <testcase name="testXMLScraperInstance" classname="com.mjh.xmlscraper.TestXMLScraper" time="0.001"/>
</testsuite>